<?xml version="1.0" encoding="UTF-8"?>
<testsuite xmlns:xsi="http://www.w3.org/2001/XMLSchema-instance" xsi:noNamespaceSchemaLocation="https://maven.apache.org/surefire/maven-surefire-plugin/xsd/surefire-test-report.xsd" name="com.adactin.runner.AdactinRunner" time="20.893" tests="50" errors="0" skipped="0" failures="0">
  <properties>
[...]
</properties>
  <testcase name="Given user launch the adactin application" classname="| abcd | 1234 |" time="0.005"/>
  <testcase name="When user enter the &quot;abcd&quot; valid username" classname="| abcd | 1234 |" time="0"/>
  <testcase name="And user enter the &quot;1234&quot; valid password" classname="| abcd | 1234 |" time="0"/>
  <testcase name="And user click the login button" classname="| abcd | 1234 |" time="0"/>
  <testcase name="Then user validate the username and password" classname="| abcd | 1234 |" time="0"/>
  <testcase name="| abcd | 1234 |" classname="| abcd | 1234 |" time="0.002"/>
  <testcase name="Given user launch the adactin application" classname="| 1234 | abcd |" time="0"/>
  <testcase name="When user enter the &quot;1234&quot; valid username" classname="| 1234 | abcd |" time="0"/>
  <testcase name="And user enter the &quot;abcd&quot; valid password" classname="| 1234 | abcd |" time="0"/>
  <testcase name="And user click the login button" classname="| 1234 | abcd |" time="0"/>
  <testcase name="Then user validate the username and password" classname="| 1234 | abcd |" time="0"/>
  <testcase name="| 1234 | abcd |" classname="| 1234 | abcd |" time="0.004"/>
  <testcase name="Given user launch the adactin application" classname="| ramkumar23 | 1234567890 |" time="0"/>
  <testcase name="When user enter the &quot;ramkumar23&quot; valid username" classname="| ramkumar23 | 1234567890 |" time="0"/>
  <testcase name="And user enter the &quot;1234567890&quot; valid password" classname="| ramkumar23 | 1234567890 |" time="0"/>
  <testcase name="And user click the login button" classname="| ramkumar23 | 1234567890 |" time="0"/>
  <testcase name="Then user validate the username and password" classname="| ramkumar23 | 1234567890 |" time="0"/>
  <testcase name="| ramkumar23 | 1234567890 |" classname="| ramkumar23 | 1234567890 |" time="0.003"/>
  <testcase name="When user select the location" classname="Scenario: user search for hotel" time="0"/>
  <testcase name="And user select the hotel" classname="Scenario: user search for hotel" time="0"/>
  <testcase name="And user select room type" classname="Scenario: user search for hotel" time="0"/>
  <testcase name="And user select number of rooms" classname="Scenario: user search for hotel" time="0"/>
  <testcase name="And user enter the checkin date" classname="Scenario: user search for hotel" time="0"/>
  <testcase name="And user enter the checkout date" classname="Scenario: user search for hotel" time="0"/>
  <testcase name="And user select number of rooms for adult" classname="Scenario: user search for hotel" time="0"/>
  <testcase name="And user select number of rooms for child" classname="Scenario: user search for hotel" time="0"/>
  <testcase name="And user click the search button" classname="Scenario: user search for hotel" time="0"/>
  <testcase name="Then user validate the search of hotel" classname="Scenario: user search for hotel" time="0"/>
  <testcase name="Scenario: user search for hotel" classname="Scenario: user search for hotel" time="0.006"/>
  <testcase name="When user click the checkbox of hotel" classname="Scenario: user select the hotel" time="0"/>
  <testcase name="And user click the continue button" classname="Scenario: user select the hotel" time="0"/>
  <testcase name="Then user validate the selection of hotel" classname="Scenario: user select the hotel" time="0"/>
  <testcase name="Scenario: user select the hotel" classname="Scenario: user select the hotel" time="0.004"/>
  <testcase name="When user enter the first name" classname="Scenario: user book the hotel" time="0"/>
  <testcase name="And user enter the last name" classname="Scenario: user book the hotel" time="0"/>
  <testcase name="And user enter the billing address" classname="Scenario: user book the hotel" time="0"/>
  <testcase name="And user enter the credit card number" classname="Scenario: user book the hotel" time="0"/>
  <testcase name="And user enter the credit card type" classname="Scenario: user book the hotel" time="0"/>
  <testcase name="And user enter the credit card expiry month" classname="Scenario: user book the hotel" time="0"/>
  <testcase name="And user enter the credit card expiry year" classname="Scenario: user book the hotel" time="0"/>
  <testcase name="And user enter the credit card cvv number" classname="Scenario: user book the hotel" time="0"/>
  <testcase name="And user click the booknow button" classname="Scenario: user book the hotel" time="0"/>
  <testcase name="Then user validate the booking of hotel" classname="Scenario: user book the hotel" time="0"/>
  <testcase name="Scenario: user book the hotel" classname="Scenario: user book the hotel" time="0.003"/>
  <testcase name="When user click myitinerary" classname="Scenario: user confirm hotel booking" time="0.001"/>
  <testcase name="Then user validate the confirmation of hotel booking" classname="Scenario: user confirm hotel booking" time="0"/>
  <testcase name="Scenario: user confirm hotel booking" classname="Scenario: user confirm hotel booking" time="0.004"/>
  <testcase name="When user click the logout button" classname="Scenario: user logout from application" time="0"/>
  <testcase name="Then user validate the logout of application" classname="Scenario: user logout from application" time="0"/>
  <testcase name="Scenario: user logout from application" classname="Scenario: user logout from application" time="0.002"/>
</testsuite>